c:\users\s171372\documents\visual studio 2015\projects\opengl\opengl\debug\vc140.pdb
c:\users\s171372\documents\visual studio 2015\projects\opengl\opengl\debug\vc140.idb
c:\users\s171372\documents\visual studio 2015\projects\opengl\opengl\debug\main.obj
c:\users\s171372\documents\visual studio 2015\projects\opengl\opengl\debug\gl_core_4_4.obj
c:\users\s171372\documents\visual studio 2015\projects\opengl\opengl\debug\gizmos.obj
c:\users\s171372\documents\visual studio 2015\projects\opengl\debug\opengl.pdb
c:\users\s171372\documents\visual studio 2015\projects\opengl\opengl\debug\opengl.tlog\cl.command.1.tlog
c:\users\s171372\documents\visual studio 2015\projects\opengl\opengl\debug\opengl.tlog\cl.read.1.tlog
c:\users\s171372\documents\visual studio 2015\projects\opengl\opengl\debug\opengl.tlog\cl.write.1.tlog
c:\users\s171372\documents\visual studio 2015\projects\opengl\opengl\debug\opengl.tlog\link-cvtres.read.1.tlog
c:\users\s171372\documents\visual studio 2015\projects\opengl\opengl\debug\opengl.tlog\link-cvtres.write.1.tlog
c:\users\s171372\documents\visual studio 2015\projects\opengl\opengl\debug\opengl.tlog\link-rc.read.1.tlog
c:\users\s171372\documents\visual studio 2015\projects\opengl\opengl\debug\opengl.tlog\link-rc.write.1.tlog
c:\users\s171372\documents\visual studio 2015\projects\opengl\opengl\debug\opengl.tlog\link.5736-cvtres.read.1.tlog
c:\users\s171372\documents\visual studio 2015\projects\opengl\opengl\debug\opengl.tlog\link.5736-cvtres.write.1.tlog
c:\users\s171372\documents\visual studio 2015\projects\opengl\opengl\debug\opengl.tlog\link.5736-rc.read.1.tlog
c:\users\s171372\documents\visual studio 2015\projects\opengl\opengl\debug\opengl.tlog\link.5736-rc.write.1.tlog
c:\users\s171372\documents\visual studio 2015\projects\opengl\opengl\debug\opengl.tlog\link.5736.read.1.tlog
c:\users\s171372\documents\visual studio 2015\projects\opengl\opengl\debug\opengl.tlog\link.5736.write.1.tlog
c:\users\s171372\documents\visual studio 2015\projects\opengl\opengl\debug\opengl.tlog\link.command.1.tlog
c:\users\s171372\documents\visual studio 2015\projects\opengl\opengl\debug\opengl.tlog\link.read.1.tlog
c:\users\s171372\documents\visual studio 2015\projects\opengl\opengl\debug\opengl.tlog\link.write.1.tlog
