c:\users\rhys\documents\visual studio 2015\projects\opengl\opengl\win32\vc140.pdb
c:\users\rhys\documents\visual studio 2015\projects\opengl\opengl\win32\vc140.idb
c:\users\rhys\documents\visual studio 2015\projects\opengl\opengl\win32\gizmos.obj
c:\users\rhys\documents\visual studio 2015\projects\opengl\opengl\win32\application.obj
c:\users\rhys\documents\visual studio 2015\projects\opengl\opengl\win32\baseapplication.obj
c:\users\rhys\documents\visual studio 2015\projects\opengl\opengl\win32\camera.obj
c:\users\rhys\documents\visual studio 2015\projects\opengl\opengl\win32\colors.obj
c:\users\rhys\documents\visual studio 2015\projects\opengl\opengl\win32\main.obj
c:\users\rhys\documents\visual studio 2015\projects\opengl\opengl\win32\objloader.obj
c:\users\rhys\documents\visual studio 2015\projects\opengl\opengl\win32\terrain.obj
c:\users\rhys\documents\visual studio 2015\projects\opengl\opengl\win32\texture.obj
c:\users\rhys\documents\visual studio 2015\projects\opengl\opengl\win32\gl_core_4_4.obj
c:\users\rhys\documents\visual studio 2015\projects\opengl\debug\opengl.ilk
c:\users\rhys\documents\visual studio 2015\projects\opengl\debug\opengl.exe
c:\users\rhys\documents\visual studio 2015\projects\opengl\debug\opengl.pdb
c:\users\rhys\documents\visual studio 2015\projects\opengl\opengl\win32\terrain.obj.enc
c:\users\rhys\documents\visual studio 2015\projects\opengl\opengl\win32\opengl.tlog\cl.command.1.tlog
c:\users\rhys\documents\visual studio 2015\projects\opengl\opengl\win32\opengl.tlog\cl.read.1.tlog
c:\users\rhys\documents\visual studio 2015\projects\opengl\opengl\win32\opengl.tlog\cl.write.1.tlog
c:\users\rhys\documents\visual studio 2015\projects\opengl\opengl\win32\opengl.tlog\link.command.1.tlog
c:\users\rhys\documents\visual studio 2015\projects\opengl\opengl\win32\opengl.tlog\link.read.1.tlog
c:\users\rhys\documents\visual studio 2015\projects\opengl\opengl\win32\opengl.tlog\link.write.1.tlog
