  Gizmos.cpp
  Application.cpp
  BaseApplication.cpp
  Camera.cpp
  Colors.cpp
  FlyCamera.cpp
  imgui.cpp
  imgui_demo.cpp
  imgui_draw.cpp
  imgui_impl_glfw_gl3.cpp
  InputManager.cpp
  Light.cpp
  LightManager.cpp
  main.cpp
  OBJAnimation.cpp
  OBJLoader.cpp
  ParticleEmitter.cpp
  PostProcessing.cpp
  ShaderLoader.cpp
  Terrain.cpp
  Compiling...
  Texture.cpp
  Time.cpp
  Water.cpp
  gl_core_4_4.c
  Generating code
  All 2987 functions were compiled because no usable IPDB/IOBJ from previous compilation was found.
  Finished generating code
  OpenGL.vcxproj -> C:\Users\s171372\Documents\Visual Studio 2015\Projects\OpenGL\Release\OpenGL.exe
